<?xml version="1.0" encoding="UTF-8"?>
<testsuite xmlns:xsi="http://www.w3.org/2001/XMLSchema-instance" xsi:noNamespaceSchemaLocation="https://maven.apache.org/surefire/maven-surefire-plugin/xsd/surefire-test-report-3.0.xsd" version="3.0" name="org.fis.project.services.UserServiceTest" time="0.755" tests="19" errors="0" skipped="0" failures="0">
  <properties>
    <property name="java.specification.version" value="14"/>
    <property name="javafx.runtime.version" value="15.0.1+1"/>
    <property name="sun.jnu.encoding" value="UTF-8"/>
    <property name="java.class.path" value="/home/user/.m2/repository/org/apache/maven/surefire/surefire-booter/3.0.0-M5/surefire-booter-3.0.0-M5.jar:/home/user/.m2/repository/org/apache/maven/surefire/surefire-api/3.0.0-M5/surefire-api-3.0.0-M5.jar:/home/user/.m2/repository/org/apache/maven/surefire/surefire-logger-api/3.0.0-M5/surefire-logger-api-3.0.0-M5.jar:/home/user/.m2/repository/org/apache/maven/surefire/surefire-shared-utils/3.0.0-M4/surefire-shared-utils-3.0.0-M4.jar:/home/user/.m2/repository/org/apache/maven/surefire/surefire-extensions-spi/3.0.0-M5/surefire-extensions-spi-3.0.0-M5.jar:/home/user/Online-School-Application-2021/target/test-classes:/home/user/Online-School-Application-2021/target/classes:/home/user/.m2/repository/org/openjfx/javafx-controls/15.0.1/javafx-controls-15.0.1.jar:/home/user/.m2/repository/org/openjfx/javafx-controls/15.0.1/javafx-controls-15.0.1-linux.jar:/home/user/.m2/repository/org/openjfx/javafx-graphics/15.0.1/javafx-graphics-15.0.1.jar:/home/user/.m2/repository/org/openjfx/javafx-graphics/15.0.1/javafx-graphics-15.0.1-linux.jar:/home/user/.m2/repository/org/openjfx/javafx-base/15.0.1/javafx-base-15.0.1.jar:/home/user/.m2/repository/org/openjfx/javafx-base/15.0.1/javafx-base-15.0.1-linux.jar:/home/user/.m2/repository/org/openjfx/javafx-fxml/15.0.1/javafx-fxml-15.0.1.jar:/home/user/.m2/repository/org/openjfx/javafx-fxml/15.0.1/javafx-fxml-15.0.1-linux.jar:/home/user/.m2/repository/org/dizitart/nitrite/3.4.3/nitrite-3.4.3.jar:/home/user/.m2/repository/org/slf4j/slf4j-api/1.7.30/slf4j-api-1.7.30.jar:/home/user/.m2/repository/com/h2database/h2-mvstore/1.4.200/h2-mvstore-1.4.200.jar:/home/user/.m2/repository/org/objenesis/objenesis/2.6/objenesis-2.6.jar:/home/user/.m2/repository/com/fasterxml/jackson/core/jackson-annotations/2.10.1/jackson-annotations-2.10.1.jar:/home/user/.m2/repository/org/jasypt/jasypt/1.9.3/jasypt-1.9.3.jar:/home/user/.m2/repository/com/squareup/okhttp3/okhttp/4.3.1/okhttp-4.3.1.jar:/home/user/.m2/repository/com/squareup/okio/okio/2.4.1/okio-2.4.1.jar:/home/user/.m2/repository/org/jetbrains/kotlin/kotlin-stdlib-common/1.3.50/kotlin-stdlib-common-1.3.50.jar:/home/user/.m2/repository/org/jetbrains/kotlin/kotlin-stdlib/1.3.61/kotlin-stdlib-1.3.61.jar:/home/user/.m2/repository/org/jetbrains/annotations/13.0/annotations-13.0.jar:/home/user/.m2/repository/uk/co/jemos/podam/podam/7.2.3.RELEASE/podam-7.2.3.RELEASE.jar:/home/user/.m2/repository/net/jcip/jcip-annotations/1.0/jcip-annotations-1.0.jar:/home/user/.m2/repository/javax/annotation/javax.annotation-api/1.3.2/javax.annotation-api-1.3.2.jar:/home/user/.m2/repository/javax/validation/validation-api/1.1.0.Final/validation-api-1.1.0.Final.jar:/home/user/.m2/repository/org/apache/commons/commons-lang3/3.8.1/commons-lang3-3.8.1.jar:/home/user/.m2/repository/com/fasterxml/jackson/core/jackson-databind/2.10.1/jackson-databind-2.10.1.jar:/home/user/.m2/repository/com/fasterxml/jackson/core/jackson-core/2.10.1/jackson-core-2.10.1.jar:/home/user/.m2/repository/org/testfx/testfx-core/4.0.16-alpha/testfx-core-4.0.16-alpha.jar:/home/user/.m2/repository/org/hamcrest/hamcrest-core/1.3/hamcrest-core-1.3.jar:/home/user/.m2/repository/org/junit/jupiter/junit-jupiter-api/5.5.1/junit-jupiter-api-5.5.1.jar:/home/user/.m2/repository/org/apiguardian/apiguardian-api/1.1.0/apiguardian-api-1.1.0.jar:/home/user/.m2/repository/org/opentest4j/opentest4j/1.2.0/opentest4j-1.2.0.jar:/home/user/.m2/repository/org/junit/platform/junit-platform-commons/1.5.1/junit-platform-commons-1.5.1.jar:/home/user/.m2/repository/org/testfx/testfx-junit5/4.0.16-alpha/testfx-junit5-4.0.16-alpha.jar:/home/user/.m2/repository/org/assertj/assertj-core/3.13.2/assertj-core-3.13.2.jar:/home/user/.m2/repository/commons-io/commons-io/2.8.0/commons-io-2.8.0.jar:/home/user/.m2/repository/org/apache/maven/surefire/surefire-junit-platform/3.0.0-M5/surefire-junit-platform-3.0.0-M5.jar:/home/user/.m2/repository/org/apache/maven/surefire/common-java5/3.0.0-M5/common-java5-3.0.0-M5.jar:/home/user/.m2/repository/org/junit/platform/junit-platform-launcher/1.5.1/junit-platform-launcher-1.5.1.jar:/home/user/.m2/repository/org/junit/platform/junit-platform-engine/1.5.1/junit-platform-engine-1.5.1.jar:/home/user/.m2/repository/org/junit/jupiter/junit-jupiter-engine/5.5.1/junit-jupiter-engine-5.5.1.jar"/>
    <property name="java.vm.vendor" value="Private Build"/>
    <property name="sun.arch.data.model" value="64"/>
    <property name="java.vendor.url" value="Unknown"/>
    <property name="user.timezone" value="Europe/Bucharest"/>
    <property name="javafx.version" value="15.0.1"/>
    <property name="os.name" value="Linux"/>
    <property name="java.vm.specification.version" value="14"/>
    <property name="sun.java.launcher" value="SUN_STANDARD"/>
    <property name="user.country" value="US"/>
    <property name="sun.boot.library.path" value="/usr/lib/jvm/java-14-openjdk-amd64/lib"/>
    <property name="sun.java.command" value="org.apache.maven.surefire.booter.ForkedBooter /home/user/Online-School-Application-2021/target/surefire 2021-05-16T18-36-51_292-jvmRun1 surefire15086908382255566222tmp surefire_011176763440284558303tmp"/>
    <property name="jdk.debug" value="release"/>
    <property name="surefire.test.class.path" value="/home/user/Online-School-Application-2021/target/test-classes:/home/user/Online-School-Application-2021/target/classes:/home/user/.m2/repository/org/openjfx/javafx-controls/15.0.1/javafx-controls-15.0.1.jar:/home/user/.m2/repository/org/openjfx/javafx-controls/15.0.1/javafx-controls-15.0.1-linux.jar:/home/user/.m2/repository/org/openjfx/javafx-graphics/15.0.1/javafx-graphics-15.0.1.jar:/home/user/.m2/repository/org/openjfx/javafx-graphics/15.0.1/javafx-graphics-15.0.1-linux.jar:/home/user/.m2/repository/org/openjfx/javafx-base/15.0.1/javafx-base-15.0.1.jar:/home/user/.m2/repository/org/openjfx/javafx-base/15.0.1/javafx-base-15.0.1-linux.jar:/home/user/.m2/repository/org/openjfx/javafx-fxml/15.0.1/javafx-fxml-15.0.1.jar:/home/user/.m2/repository/org/openjfx/javafx-fxml/15.0.1/javafx-fxml-15.0.1-linux.jar:/home/user/.m2/repository/org/dizitart/nitrite/3.4.3/nitrite-3.4.3.jar:/home/user/.m2/repository/org/slf4j/slf4j-api/1.7.30/slf4j-api-1.7.30.jar:/home/user/.m2/repository/com/h2database/h2-mvstore/1.4.200/h2-mvstore-1.4.200.jar:/home/user/.m2/repository/org/objenesis/objenesis/2.6/objenesis-2.6.jar:/home/user/.m2/repository/com/fasterxml/jackson/core/jackson-annotations/2.10.1/jackson-annotations-2.10.1.jar:/home/user/.m2/repository/org/jasypt/jasypt/1.9.3/jasypt-1.9.3.jar:/home/user/.m2/repository/com/squareup/okhttp3/okhttp/4.3.1/okhttp-4.3.1.jar:/home/user/.m2/repository/com/squareup/okio/okio/2.4.1/okio-2.4.1.jar:/home/user/.m2/repository/org/jetbrains/kotlin/kotlin-stdlib-common/1.3.50/kotlin-stdlib-common-1.3.50.jar:/home/user/.m2/repository/org/jetbrains/kotlin/kotlin-stdlib/1.3.61/kotlin-stdlib-1.3.61.jar:/home/user/.m2/repository/org/jetbrains/annotations/13.0/annotations-13.0.jar:/home/user/.m2/repository/uk/co/jemos/podam/podam/7.2.3.RELEASE/podam-7.2.3.RELEASE.jar:/home/user/.m2/repository/net/jcip/jcip-annotations/1.0/jcip-annotations-1.0.jar:/home/user/.m2/repository/javax/annotation/javax.annotation-api/1.3.2/javax.annotation-api-1.3.2.jar:/home/user/.m2/repository/javax/validation/validation-api/1.1.0.Final/validation-api-1.1.0.Final.jar:/home/user/.m2/repository/org/apache/commons/commons-lang3/3.8.1/commons-lang3-3.8.1.jar:/home/user/.m2/repository/com/fasterxml/jackson/core/jackson-databind/2.10.1/jackson-databind-2.10.1.jar:/home/user/.m2/repository/com/fasterxml/jackson/core/jackson-core/2.10.1/jackson-core-2.10.1.jar:/home/user/.m2/repository/org/testfx/testfx-core/4.0.16-alpha/testfx-core-4.0.16-alpha.jar:/home/user/.m2/repository/org/hamcrest/hamcrest-core/1.3/hamcrest-core-1.3.jar:/home/user/.m2/repository/org/junit/jupiter/junit-jupiter-api/5.5.1/junit-jupiter-api-5.5.1.jar:/home/user/.m2/repository/org/apiguardian/apiguardian-api/1.1.0/apiguardian-api-1.1.0.jar:/home/user/.m2/repository/org/opentest4j/opentest4j/1.2.0/opentest4j-1.2.0.jar:/home/user/.m2/repository/org/junit/platform/junit-platform-commons/1.5.1/junit-platform-commons-1.5.1.jar:/home/user/.m2/repository/org/testfx/testfx-junit5/4.0.16-alpha/testfx-junit5-4.0.16-alpha.jar:/home/user/.m2/repository/org/assertj/assertj-core/3.13.2/assertj-core-3.13.2.jar:/home/user/.m2/repository/commons-io/commons-io/2.8.0/commons-io-2.8.0.jar:"/>
    <property name="sun.cpu.endian" value="little"/>
    <property name="user.home" value="/home/user"/>
    <property name="user.language" value="en"/>
    <property name="java.specification.vendor" value="Oracle Corporation"/>
    <property name="java.version.date" value="2020-07-14"/>
    <property name="java.home" value="/usr/lib/jvm/java-14-openjdk-amd64"/>
    <property name="file.separator" value="/"/>
    <property name="basedir" value="/home/user/Online-School-Application-2021"/>
    <property name="java.vm.compressedOopsMode" value="32-bit"/>
    <property name="line.separator" value="&#10;"/>
    <property name="java.vm.specification.vendor" value="Oracle Corporation"/>
    <property name="java.specification.name" value="Java Platform API Specification"/>
    <property name="sun.management.compiler" value="HotSpot 64-Bit Tiered Compilers"/>
    <property name="java.runtime.version" value="14.0.2+12-Ubuntu-120.04"/>
    <property name="user.name" value="user"/>
    <property name="path.separator" value=":"/>
    <property name="os.version" value="5.8.0-53-generic"/>
    <property name="java.runtime.name" value="OpenJDK Runtime Environment"/>
    <property name="file.encoding" value="UTF-8"/>
    <property name="java.vm.name" value="OpenJDK 64-Bit Server VM"/>
    <property name="localRepository" value="/home/user/.m2/repository"/>
    <property name="java.vendor.url.bug" value="Unknown"/>
    <property name="java.io.tmpdir" value="/tmp"/>
    <property name="java.version" value="14.0.2"/>
    <property name="user.dir" value="/home/user/Online-School-Application-2021"/>
    <property name="os.arch" value="amd64"/>
    <property name="java.vm.specification.name" value="Java Virtual Machine Specification"/>
    <property name="java.library.path" value="/usr/java/packages/lib:/usr/lib/x86_64-linux-gnu/jni:/lib/x86_64-linux-gnu:/usr/lib/x86_64-linux-gnu:/usr/lib/jni:/lib:/usr/lib"/>
    <property name="java.vm.info" value="mixed mode, sharing"/>
    <property name="java.vendor" value="Private Build"/>
    <property name="java.vm.version" value="14.0.2+12-Ubuntu-120.04"/>
    <property name="sun.io.unicode.encoding" value="UnicodeLittle"/>
    <property name="java.class.version" value="58.0"/>
  </properties>
  <testcase name="selectPassword" classname="org.fis.project.services.UserServiceTest" time="0.044"/>
  <testcase name="selectRole" classname="org.fis.project.services.UserServiceTest" time="0.038"/>
  <testcase name="usernameNotLongEnough" classname="org.fis.project.services.UserServiceTest" time="0.038"/>
  <testcase name="addUserDatabase" classname="org.fis.project.services.UserServiceTest" time="0.084"/>
  <testcase name="checkCredentials" classname="org.fis.project.services.UserServiceTest" time="0.037"/>
  <testcase name="completePasswordLogInFields" classname="org.fis.project.services.UserServiceTest" time="0.035"/>
  <testcase name="searchStudentDatabaseException" classname="org.fis.project.services.UserServiceTest" time="0.038"/>
  <testcase name="selectRetypePassword" classname="org.fis.project.services.UserServiceTest" time="0.029"/>
  <testcase name="selectLastName" classname="org.fis.project.services.UserServiceTest" time="0.038"/>
  <testcase name="selectFirstName" classname="org.fis.project.services.UserServiceTest" time="0.038"/>
  <testcase name="addSecondUser" classname="org.fis.project.services.UserServiceTest" time="0.047"/>
  <testcase name="searchStudentDatabase" classname="org.fis.project.services.UserServiceTest" time="0.049"/>
  <testcase name="selectUsername" classname="org.fis.project.services.UserServiceTest" time="0.037"/>
  <testcase name="checkInvalidCredentials" classname="org.fis.project.services.UserServiceTest" time="0.046"/>
  <testcase name="initializeDatabase" classname="org.fis.project.services.UserServiceTest" time="0.035"/>
  <testcase name="passwordNotLongEnough" classname="org.fis.project.services.UserServiceTest" time="0.029"/>
  <testcase name="completeUsernameLogInFields" classname="org.fis.project.services.UserServiceTest" time="0.025"/>
  <testcase name="equalsPassword" classname="org.fis.project.services.UserServiceTest" time="0.025"/>
  <testcase name="encodePassword" classname="org.fis.project.services.UserServiceTest" time="0.028"/>
</testsuite>